Begin FilterWheel initialization.
    Initializing motor
    Initializing hall effect sensor...
    ... Complete.
End FilterWheel initialization.
Listener start
 * Serving Flask app "main_network" (lazy loading)
 * Environment: production
   WARNING: This is a development server. Do not use it in a production deployment.
   Use a production WSGI server instead.
 * Debug mode: on
Traceback (most recent call last):
  File "/home/airglow/airglow/airglow-rpi-filterwheel/main_network.py", line 63, in <module>
    app.run(debug=True, port=80, host='0.0.0.0')
  File "/usr/lib/python3/dist-packages/flask/app.py", line 990, in run
    run_simple(host, port, self, **options)
  File "/usr/lib/python3/dist-packages/werkzeug/serving.py", line 1030, in run_simple
    s.bind(server_address)
PermissionError: [Errno 13] Permission denied
Begin FilterWheel initialization.
    Initializing motor
    Initializing hall effect sensor...
    ... Complete.
End FilterWheel initialization.
Listener start
 * Serving Flask app "main_network" (lazy loading)
 * Environment: production
   WARNING: This is a development server. Do not use it in a production deployment.
   Use a production WSGI server instead.
 * Debug mode: on
